<?xml version="1.0" encoding="UTF-8"?>
<testsuite xmlns:xsi="http://www.w3.org/2001/XMLSchema-instance" xsi:noNamespaceSchemaLocation="https://maven.apache.org/surefire/maven-surefire-plugin/xsd/surefire-test-report-3.0.xsd" version="3.0" name="TestMain" time="0.049" tests="1" errors="0" skipped="0" failures="0">
  <properties>
    <property name="sun.desktop" value="windows"/>
    <property name="awt.toolkit" value="sun.awt.windows.WToolkit"/>
    <property name="java.specification.version" value="11"/>
    <property name="sun.cpu.isalist" value="amd64"/>
    <property name="sun.jnu.encoding" value="GBK"/>
    <property name="java.class.path" value="C:\Users\lenovo\Documents\IdeaProjects\JavaWeb\Maven-Project\maven-test\target\test-classes;C:\Users\lenovo\Documents\IdeaProjects\JavaWeb\Maven-Project\maven-test\target\classes;D:\download\apache-maven-3.9.6\maven_repo\ch\qos\logback\logback-classic\1.5.6\logback-classic-1.5.6.jar;D:\download\apache-maven-3.9.6\maven_repo\ch\qos\logback\logback-core\1.5.6\logback-core-1.5.6.jar;D:\download\apache-maven-3.9.6\maven_repo\org\slf4j\slf4j-api\2.0.13\slf4j-api-2.0.13.jar;D:\download\apache-maven-3.9.6\maven_repo\junit\junit\4.13.1\junit-4.13.1.jar;D:\download\apache-maven-3.9.6\maven_repo\org\hamcrest\hamcrest-core\1.3\hamcrest-core-1.3.jar;"/>
    <property name="java.vm.vendor" value="Oracle Corporation"/>
    <property name="sun.arch.data.model" value="64"/>
    <property name="user.variant" value=""/>
    <property name="java.vendor.url" value="https://openjdk.java.net/"/>
    <property name="user.timezone" value="Asia/Hong_Kong"/>
    <property name="java.vm.specification.version" value="11"/>
    <property name="os.name" value="Windows 11"/>
    <property name="sun.java.launcher" value="SUN_STANDARD"/>
    <property name="user.country" value="CN"/>
    <property name="sun.boot.library.path" value="C:\Program Files\Java\jdk-11\bin"/>
    <property name="sun.java.command" value="C:\Users\lenovo\AppData\Local\Temp\surefire2929340281085636144\surefirebooter-20240908185436734_3.jar C:\Users\lenovo\AppData\Local\Temp\surefire2929340281085636144 2024-09-08T18-54-36_417-jvmRun1 surefire-20240908185436734_1tmp surefire_0-20240908185436734_2tmp"/>
    <property name="jdk.debug" value="release"/>
    <property name="surefire.test.class.path" value="C:\Users\lenovo\Documents\IdeaProjects\JavaWeb\Maven-Project\maven-test\target\test-classes;C:\Users\lenovo\Documents\IdeaProjects\JavaWeb\Maven-Project\maven-test\target\classes;D:\download\apache-maven-3.9.6\maven_repo\ch\qos\logback\logback-classic\1.5.6\logback-classic-1.5.6.jar;D:\download\apache-maven-3.9.6\maven_repo\ch\qos\logback\logback-core\1.5.6\logback-core-1.5.6.jar;D:\download\apache-maven-3.9.6\maven_repo\org\slf4j\slf4j-api\2.0.13\slf4j-api-2.0.13.jar;D:\download\apache-maven-3.9.6\maven_repo\junit\junit\4.13.1\junit-4.13.1.jar;D:\download\apache-maven-3.9.6\maven_repo\org\hamcrest\hamcrest-core\1.3\hamcrest-core-1.3.jar;"/>
    <property name="sun.cpu.endian" value="little"/>
    <property name="user.home" value="C:\Users\lenovo"/>
    <property name="user.language" value="zh"/>
    <property name="java.specification.vendor" value="Oracle Corporation"/>
    <property name="java.version.date" value="2024-01-16"/>
    <property name="java.home" value="C:\Program Files\Java\jdk-11"/>
    <property name="file.separator" value="\"/>
    <property name="basedir" value="C:\Users\lenovo\Documents\IdeaProjects\JavaWeb\Maven-Project\maven-test"/>
    <property name="java.vm.compressedOopsMode" value="Zero based"/>
    <property name="line.separator" value="&#10;"/>
    <property name="java.specification.name" value="Java Platform API Specification"/>
    <property name="java.vm.specification.vendor" value="Oracle Corporation"/>
    <property name="java.awt.graphicsenv" value="sun.awt.Win32GraphicsEnvironment"/>
    <property name="surefire.real.class.path" value="C:\Users\lenovo\AppData\Local\Temp\surefire2929340281085636144\surefirebooter-20240908185436734_3.jar"/>
    <property name="user.script" value=""/>
    <property name="sun.management.compiler" value="HotSpot 64-Bit Tiered Compilers"/>
    <property name="java.runtime.version" value="11.0.22+9-LTS-219"/>
    <property name="user.name" value="lenovo"/>
    <property name="path.separator" value=";"/>
    <property name="os.version" value="10.0"/>
    <property name="java.runtime.name" value="Java(TM) SE Runtime Environment"/>
    <property name="file.encoding" value="GBK"/>
    <property name="java.vm.name" value="Java HotSpot(TM) 64-Bit Server VM"/>
    <property name="java.vendor.version" value="18.9"/>
    <property name="localRepository" value="D:\download\apache-maven-3.9.6\maven_repo"/>
    <property name="java.vendor.url.bug" value="https://bugreport.java.com/bugreport/"/>
    <property name="java.io.tmpdir" value="C:\Users\lenovo\AppData\Local\Temp\"/>
    <property name="idea.version" value="2023.2.1"/>
    <property name="java.version" value="11.0.22"/>
    <property name="user.dir" value="C:\Users\lenovo\Documents\IdeaProjects\JavaWeb\Maven-Project\maven-test"/>
    <property name="os.arch" value="amd64"/>
    <property name="java.vm.specification.name" value="Java Virtual Machine Specification"/>
    <property name="java.awt.printerjob" value="sun.awt.windows.WPrinterJob"/>
    <property name="sun.os.patch.level" value=""/>
    <property name="java.library.path" value="C:\Program Files\Java\jdk-11\bin;C:\windows\Sun\Java\bin;C:\windows\system32;C:\windows;D:\download\VMware17.5.2\bin\;C:\Program Files\Java\jdk-11\bin;C:\Windows\system32;C:\Windows;C:\Windows\System32\Wbem;C:\Windows\System32\WindowsPowerShell\v1.0\;C:\Windows\System32\OpenSSH\;C:\Program Files (x86)\NVIDIA Corporation\PhysX\Common;C:\Program Files\NVIDIA Corporation\NVIDIA NvDLISR;C:\Program Files\Git\cmd;C:\Program Files\nodejs\;D:\download\apache-maven-3.9.6\bin;D:\download\mysql-8.4.0-winx64\bin;C:\Program Files\dotnet\;C:\Program Files (x86)\Windows Kits\10\Windows Performance Toolkit\;D:\download\NetSarang\Xshell 7\;D:\download\NetSarang\Xftp 7\;C:\Users\lenovo\AppData\Local\Microsoft\WindowsApps;C:\Users\lenovo\AppData\Local\Programs\Microsoft VS Code\bin;C:\Users\lenovo\.dotnet\tools;C:\Users\lenovo\AppData\Roaming\npm;."/>
    <property name="java.vendor" value="Oracle Corporation"/>
    <property name="java.vm.info" value="mixed mode"/>
    <property name="java.vm.version" value="11.0.22+9-LTS-219"/>
    <property name="java.specification.maintenance.version" value="2"/>
    <property name="sun.io.unicode.encoding" value="UnicodeLittle"/>
    <property name="java.class.version" value="55.0"/>
  </properties>
  <testcase name="test" classname="TestMain" time="0.007">
    <system-out><![CDATA[test main
]]></system-out>
  </testcase>
</testsuite>